{"message":"The uploads directory does not exist and will be created","level":"error"}
{"message":"4000번 포트에서 대기중","level":"info"}
{"message":"4000번 포트에서 대기중","level":"info"}
{"message":"4000번 포트에서 대기중","level":"info"}
{"message":"4000번 포트에서 대기중","level":"info"}
{"message":"4000번 포트에서 대기중","level":"info"}
{"message":"hello","level":"info"}
{"message":"Not Found","level":"error"}
{"message":"4000번 포트에서 대기중","level":"info"}
{"message":"4000번 포트에서 대기중","level":"info"}
{"message":"hello","level":"info"}
{"message":"Not Found","level":"error"}
{"message":"4000번 포트에서 대기중","level":"info"}
{"message":"hello","level":"info"}
{"message":"Not Found","level":"error"}
{"message":"hello","level":"info"}
{"message":"Not Found","level":"error"}
{"message":"4000번 포트에서 대기중","level":"info"}
{"message":"4000번 포트에서 대기중","level":"info"}
{"message":"4000번 포트에서 대기중","level":"info"}
{"message":"hello","level":"info"}
{"message":"Not Found","level":"error"}
{"message":"hello","level":"info"}
{"message":"Not Found","level":"error"}
{"message":"hello","level":"info"}
{"message":"Not Found","level":"error"}
{"message":"4000번 포트에서 대기중","level":"info"}
{"message":"4000번 포트에서 대기중","level":"info"}
{"message":"hello","level":"info"}
{"message":"Not Found","level":"error"}
{"message":"hello","level":"info"}
{"message":"Not Found","level":"error"}
{"message":"4000번 포트에서 대기중","level":"info"}
{"message":"hello","level":"info"}
{"message":"Not Found","level":"error"}
{"message":"4000번 포트에서 대기중","level":"info"}
{"message":"4000번 포트에서 대기중","level":"info"}
{"message":"4000번 포트에서 대기중","level":"info"}
{"message":"hello","level":"info"}
{"message":"Not Found","level":"error"}
{"message":"4000번 포트에서 대기중","level":"info"}
{"message":"4000번 포트에서 대기중","level":"info"}
{"message":"4000번 포트에서 대기중","level":"info"}
{"message":"hello","level":"info"}
{"message":"Not Found","level":"error"}
{"message":"4000번 포트에서 대기중","level":"info"}
{"message":"hello","level":"info"}
{"message":"Not Found","level":"error"}
{"message":"hello","level":"info"}
{"message":"Not Found","level":"error"}
{"message":"4000번 포트에서 대기중","level":"info"}
{"message":"4000번 포트에서 대기중","level":"info"}
{"message":"hello","level":"info"}
{"message":"Not Found","level":"error"}
{"message":"4000번 포트에서 대기중","level":"info"}
{"message":"4000번 포트에서 대기중","level":"info"}
{"message":"undefined번 포트에서 대기중","level":"info"}
{"message":"hello","level":"info"}
{"message":"Not Found","level":"error"}
{"message":"4000번 포트에서 대기중","level":"info"}
{"message":"4000번 포트에서 대기중","level":"info"}
{"message":"undefined번 포트에서 대기중","level":"info"}
{"message":"hello","level":"info"}
{"message":"Not Found","level":"error"}
{"message":"4000번 포트에서 대기중","level":"info"}
{"message":"4000번 포트에서 대기중","level":"info"}
{"message":"4000번 포트에서 대기중","level":"info"}
{"message":"4000번 포트에서 대기중","level":"info"}
{"message":"hello","level":"info"}
{"message":"Not Found","level":"error"}
{"message":"4000번 포트에서 대기중","level":"info"}
{"message":"hello","level":"info"}
{"message":"Not Found","level":"error"}
{"message":"4000번 포트에서 대기중","level":"info"}
{"message":"4000번 포트에서 대기중","level":"info"}
{"message":"4000번 포트에서 대기중","level":"info"}
{"message":"4000번 포트에서 대기중","level":"info"}
{"message":"4000번 포트에서 대기중","level":"info"}
{"message":"4000번 포트에서 대기중","level":"info"}
{"message":"4000번 포트에서 대기중","level":"info"}
{"message":"4000번 포트에서 대기중","level":"info"}
{"message":"4000번 포트에서 대기중","level":"info"}
{"message":"4000번 포트에서 대기중","level":"info"}
{"message":"4000번 포트에서 대기중","level":"info"}
{"message":"4000번 포트에서 대기중","level":"info"}
{"message":"4000번 포트에서 대기중","level":"info"}
{"message":"4000번 포트에서 대기중","level":"info"}
{"message":"4000번 포트에서 대기중","level":"info"}
{"message":"4000번 포트에서 대기중","level":"info"}
{"message":"4000번 포트에서 대기중","level":"info"}
{"message":"4000번 포트에서 대기중","level":"info"}
{"message":"4000번 포트에서 대기중","level":"info"}
