{"message":"The uploads directory does not exist and will be created","level":"error"}
{"message":"Not Found","level":"error"}
{"message":"Not Found","level":"error"}
{"message":"Not Found","level":"error"}
{"message":"Not Found","level":"error"}
{"message":"Not Found","level":"error"}
{"message":"Not Found","level":"error"}
{"message":"Not Found","level":"error"}
{"message":"Not Found","level":"error"}
{"message":"Not Found","level":"error"}
{"message":"Not Found","level":"error"}
{"message":"Not Found","level":"error"}
{"message":"Not Found","level":"error"}
{"message":"Not Found","level":"error"}
{"message":"Not Found","level":"error"}
{"message":"Not Found","level":"error"}
{"message":"Not Found","level":"error"}
{"message":"Not Found","level":"error"}
{"message":"Not Found","level":"error"}
{"message":"Not Found","level":"error"}
{"level":"error"}
{"name":"SequelizeValidationError","errors":[{"message":"User.password cannot be null","type":"notNull Violation","path":"password","value":null,"origin":"CORE","instance":{"id":"18909780-90aa-11e9-bd71-a5e4b69c458c","thumbnail":"/static/images/default_thumbnail.png","username":"songc","email":"somony@naver.com","updatedAt":"2019-06-17T02:46:24.267Z","createdAt":"2019-06-17T02:46:24.267Z"},"validatorKey":"is_null","validatorName":null,"validatorArgs":[]},{"message":"User.provider cannot be null","type":"notNull Violation","path":"provider","value":null,"origin":"CORE","instance":{"id":"18909780-90aa-11e9-bd71-a5e4b69c458c","thumbnail":"/static/images/default_thumbnail.png","username":"songc","email":"somony@naver.com","updatedAt":"2019-06-17T02:46:24.267Z","createdAt":"2019-06-17T02:46:24.267Z"},"validatorKey":"is_null","validatorName":null,"validatorArgs":[]},{"message":"User.snsId cannot be null","type":"notNull Violation","path":"snsId","value":null,"origin":"CORE","instance":{"id":"18909780-90aa-11e9-bd71-a5e4b69c458c","thumbnail":"/static/images/default_thumbnail.png","username":"songc","email":"somony@naver.com","updatedAt":"2019-06-17T02:46:24.267Z","createdAt":"2019-06-17T02:46:24.267Z"},"validatorKey":"is_null","validatorName":null,"validatorArgs":[]}],"level":"error"}
{"name":"SequelizeValidationError","errors":[{"message":"User.password cannot be null","type":"notNull Violation","path":"password","value":null,"origin":"CORE","instance":{"id":"2fe13840-90aa-11e9-a518-197195fb4bb9","thumbnail":"/static/images/default_thumbnail.png","username":"songcc","email":"somony1@naver.com","updatedAt":"2019-06-17T02:47:03.365Z","createdAt":"2019-06-17T02:47:03.365Z"},"validatorKey":"is_null","validatorName":null,"validatorArgs":[]},{"message":"User.provider cannot be null","type":"notNull Violation","path":"provider","value":null,"origin":"CORE","instance":{"id":"2fe13840-90aa-11e9-a518-197195fb4bb9","thumbnail":"/static/images/default_thumbnail.png","username":"songcc","email":"somony1@naver.com","updatedAt":"2019-06-17T02:47:03.365Z","createdAt":"2019-06-17T02:47:03.365Z"},"validatorKey":"is_null","validatorName":null,"validatorArgs":[]},{"message":"User.snsId cannot be null","type":"notNull Violation","path":"snsId","value":null,"origin":"CORE","instance":{"id":"2fe13840-90aa-11e9-a518-197195fb4bb9","thumbnail":"/static/images/default_thumbnail.png","username":"songcc","email":"somony1@naver.com","updatedAt":"2019-06-17T02:47:03.365Z","createdAt":"2019-06-17T02:47:03.365Z"},"validatorKey":"is_null","validatorName":null,"validatorArgs":[]}],"level":"error"}
{"name":"SequelizeValidationError","errors":[{"message":"User.password cannot be null","type":"notNull Violation","path":"password","value":null,"origin":"CORE","instance":{"id":"93c2fba0-90aa-11e9-ae41-892f857725e3","thumbnail":"/static/images/default_thumbnail.png","username":"songcc","email":"somony1@naver.com","updatedAt":"2019-06-17T02:49:50.940Z","createdAt":"2019-06-17T02:49:50.940Z"},"validatorKey":"is_null","validatorName":null,"validatorArgs":[]},{"message":"User.provider cannot be null","type":"notNull Violation","path":"provider","value":null,"origin":"CORE","instance":{"id":"93c2fba0-90aa-11e9-ae41-892f857725e3","thumbnail":"/static/images/default_thumbnail.png","username":"songcc","email":"somony1@naver.com","updatedAt":"2019-06-17T02:49:50.940Z","createdAt":"2019-06-17T02:49:50.940Z"},"validatorKey":"is_null","validatorName":null,"validatorArgs":[]},{"message":"User.snsId cannot be null","type":"notNull Violation","path":"snsId","value":null,"origin":"CORE","instance":{"id":"93c2fba0-90aa-11e9-ae41-892f857725e3","thumbnail":"/static/images/default_thumbnail.png","username":"songcc","email":"somony1@naver.com","updatedAt":"2019-06-17T02:49:50.940Z","createdAt":"2019-06-17T02:49:50.940Z"},"validatorKey":"is_null","validatorName":null,"validatorArgs":[]}],"level":"error"}
{"name":"SequelizeValidationError","errors":[{"message":"User.provider cannot be null","type":"notNull Violation","path":"provider","value":null,"origin":"CORE","instance":{"id":"c7ed5290-90aa-11e9-97a6-436dc97f1ed9","thumbnail":"/static/images/default_thumbnail.png","username":"songcc","email":"somony1@naver.com","password":"$2b$10$R4h/Jarri1c5NJvmqSJmzO1Re4q.c6Iq3tbMNeFHwBQfYC3DKWp/u","updatedAt":"2019-06-17T02:51:18.462Z","createdAt":"2019-06-17T02:51:18.462Z"},"validatorKey":"is_null","validatorName":null,"validatorArgs":[]},{"message":"User.snsId cannot be null","type":"notNull Violation","path":"snsId","value":null,"origin":"CORE","instance":{"id":"c7ed5290-90aa-11e9-97a6-436dc97f1ed9","thumbnail":"/static/images/default_thumbnail.png","username":"songcc","email":"somony1@naver.com","password":"$2b$10$R4h/Jarri1c5NJvmqSJmzO1Re4q.c6Iq3tbMNeFHwBQfYC3DKWp/u","updatedAt":"2019-06-17T02:51:18.462Z","createdAt":"2019-06-17T02:51:18.462Z"},"validatorKey":"is_null","validatorName":null,"validatorArgs":[]}],"level":"error"}
{"level":"error","message":"500req.cookies.set is not a function","stack":"TypeError: req.cookies.set is not a function\n    at Object.<anonymous> (/Users/songminseok/playground/backend-api-typescript/src/routes/auth/auth.ctrl.ts:148:23)\n    at Generator.next (<anonymous>)\n    at fulfilled (/Users/songminseok/playground/backend-api-typescript/src/routes/auth/auth.ctrl.ts:4:58)"}
{"level":"error","message":"500Cannot read property 'validatePassword' of null","stack":"TypeError: Cannot read property 'validatePassword' of null\n    at Object.<anonymous> (/Users/songminseok/playground/backend-api-typescript/src/routes/auth/auth.ctrl.ts:136:49)\n    at Generator.next (<anonymous>)\n    at fulfilled (/Users/songminseok/playground/backend-api-typescript/src/routes/auth/auth.ctrl.ts:4:58)"}
{"level":"error","message":"500Cannot read property 'validatePassword' of null","stack":"TypeError: Cannot read property 'validatePassword' of null\n    at Object.<anonymous> (/Users/songminseok/playground/backend-api-typescript/src/routes/auth/auth.ctrl.ts:136:49)\n    at Generator.next (<anonymous>)\n    at fulfilled (/Users/songminseok/playground/backend-api-typescript/src/routes/auth/auth.ctrl.ts:4:58)"}
{"level":"error","message":"500Cannot read property 'validatePassword' of null","stack":"TypeError: Cannot read property 'validatePassword' of null\n    at Object.<anonymous> (/Users/songminseok/playground/backend-api-typescript/src/routes/auth/auth.ctrl.ts:137:49)\n    at Generator.next (<anonymous>)\n    at fulfilled (/Users/songminseok/playground/backend-api-typescript/src/routes/auth/auth.ctrl.ts:4:58)"}
{"level":"error","message":"500Cannot read property 'validatePassword' of null","stack":"TypeError: Cannot read property 'validatePassword' of null\n    at Object.<anonymous> (/Users/songminseok/playground/backend-api-typescript/src/routes/auth/auth.ctrl.ts:137:49)\n    at Generator.next (<anonymous>)\n    at fulfilled (/Users/songminseok/playground/backend-api-typescript/src/routes/auth/auth.ctrl.ts:4:58)"}
{"level":"error","message":"500Cannot read property 'validatePassword' of null","stack":"TypeError: Cannot read property 'validatePassword' of null\n    at Object.<anonymous> (/Users/songminseok/playground/backend-api-typescript/src/routes/auth/auth.ctrl.ts:137:49)\n    at Generator.next (<anonymous>)\n    at fulfilled (/Users/songminseok/playground/backend-api-typescript/src/routes/auth/auth.ctrl.ts:4:58)"}
{"level":"error","message":"500Cannot read property 'validatePassword' of null","stack":"TypeError: Cannot read property 'validatePassword' of null\n    at Object.<anonymous> (/Users/songminseok/playground/backend-api-typescript/src/routes/auth/auth.ctrl.ts:137:49)\n    at Generator.next (<anonymous>)\n    at fulfilled (/Users/songminseok/playground/backend-api-typescript/src/routes/auth/auth.ctrl.ts:4:58)"}
{"level":"error","message":"500Cannot read property 'validatePassword' of null","stack":"TypeError: Cannot read property 'validatePassword' of null\n    at Object.<anonymous> (/Users/songminseok/playground/backend-api-typescript/src/routes/auth/auth.ctrl.ts:137:49)\n    at Generator.next (<anonymous>)\n    at fulfilled (/Users/songminseok/playground/backend-api-typescript/src/routes/auth/auth.ctrl.ts:4:58)"}
{"level":"error","message":"500Cannot read property 'validatePassword' of null","stack":"TypeError: Cannot read property 'validatePassword' of null\n    at Object.<anonymous> (/Users/songminseok/playground/backend-api-typescript/src/routes/auth/auth.ctrl.ts:135:49)\n    at Generator.next (<anonymous>)\n    at fulfilled (/Users/songminseok/playground/backend-api-typescript/src/routes/auth/auth.ctrl.ts:4:58)"}
{"level":"error","message":"500Cannot read property 'validatePassword' of null","stack":"TypeError: Cannot read property 'validatePassword' of null\n    at Object.<anonymous> (/Users/songminseok/playground/backend-api-typescript/src/routes/auth/auth.ctrl.ts:135:49)\n    at Generator.next (<anonymous>)\n    at fulfilled (/Users/songminseok/playground/backend-api-typescript/src/routes/auth/auth.ctrl.ts:4:58)"}
